c:\users\theun\source\repos\annoyingprogram\x64\debug\sfml-graphics-d-2.dll
c:\users\theun\source\repos\annoyingprogram\x64\debug\sfml-window-d-2.dll
c:\users\theun\source\repos\annoyingprogram\x64\debug\sfml-system-d-2.dll
c:\users\theun\source\repos\annoyingprogram\x64\debug\freetyped.dll
c:\users\theun\source\repos\annoyingprogram\x64\debug\zlibd1.dll
c:\users\theun\source\repos\annoyingprogram\x64\debug\bz2d.dll
c:\users\theun\source\repos\annoyingprogram\x64\debug\libpng16d.dll
c:\users\theun\source\repos\annoyingprogram\x64\debug\brotlidec.dll
c:\users\theun\source\repos\annoyingprogram\x64\debug\brotlicommon.dll
c:\users\theun\source\repos\annoyingprogram\annoyingprogram\x64\debug\vc143.pdb
c:\users\theun\source\repos\annoyingprogram\annoyingprogram\x64\debug\vc143.idb
c:\users\theun\source\repos\annoyingprogram\annoyingprogram\x64\debug\widget.obj
c:\users\theun\source\repos\annoyingprogram\annoyingprogram\x64\debug\textwidget.obj
c:\users\theun\source\repos\annoyingprogram\annoyingprogram\x64\debug\button.obj
c:\users\theun\source\repos\annoyingprogram\annoyingprogram\x64\debug\timer.obj
c:\users\theun\source\repos\annoyingprogram\annoyingprogram\x64\debug\timeline.obj
c:\users\theun\source\repos\annoyingprogram\annoyingprogram\x64\debug\tickable.obj
c:\users\theun\source\repos\annoyingprogram\annoyingprogram\x64\debug\windowmanager.obj
c:\users\theun\source\repos\annoyingprogram\annoyingprogram\x64\debug\fontmanager.obj
c:\users\theun\source\repos\annoyingprogram\annoyingprogram\x64\debug\eventmanager.obj
c:\users\theun\source\repos\annoyingprogram\annoyingprogram\x64\debug\antitaskmanager.obj
c:\users\theun\source\repos\annoyingprogram\annoyingprogram\x64\debug\antitaskbar.obj
c:\users\theun\source\repos\annoyingprogram\annoyingprogram\x64\debug\thirdevent.obj
c:\users\theun\source\repos\annoyingprogram\annoyingprogram\x64\debug\secondevent.obj
c:\users\theun\source\repos\annoyingprogram\annoyingprogram\x64\debug\firstevent.obj
c:\users\theun\source\repos\annoyingprogram\annoyingprogram\x64\debug\finalevent.obj
c:\users\theun\source\repos\annoyingprogram\annoyingprogram\x64\debug\externalprocesshandler.obj
c:\users\theun\source\repos\annoyingprogram\annoyingprogram\x64\debug\engine.obj
c:\users\theun\source\repos\annoyingprogram\annoyingprogram\x64\debug\commonlib.obj
c:\users\theun\source\repos\annoyingprogram\x64\debug\annoyingprogram.exe
c:\users\theun\source\repos\annoyingprogram\x64\debug\annoyingprogram.pdb
c:\users\theun\source\repos\annoyingprogram\annoyingprogram\x64\debug\annoyingprogram.ilk
c:\users\theun\source\repos\annoyingprogram\annoyingprogram\x64\debug\annoyingprogram.obj
c:\users\theun\source\repos\annoyingprogram\annoyingprogram\x64\debug\annoyingprogram.tlog\annoyingprogram.write.1u.tlog
c:\users\theun\source\repos\annoyingprogram\annoyingprogram\x64\debug\annoyingprogram.tlog\cl.command.1.tlog
c:\users\theun\source\repos\annoyingprogram\annoyingprogram\x64\debug\annoyingprogram.tlog\cl.items.tlog
c:\users\theun\source\repos\annoyingprogram\annoyingprogram\x64\debug\annoyingprogram.tlog\cl.read.1.tlog
c:\users\theun\source\repos\annoyingprogram\annoyingprogram\x64\debug\annoyingprogram.tlog\cl.write.1.tlog
c:\users\theun\source\repos\annoyingprogram\annoyingprogram\x64\debug\annoyingprogram.tlog\link.command.1.tlog
c:\users\theun\source\repos\annoyingprogram\annoyingprogram\x64\debug\annoyingprogram.tlog\link.read.1.tlog
c:\users\theun\source\repos\annoyingprogram\annoyingprogram\x64\debug\annoyingprogram.tlog\link.secondary.1.tlog
c:\users\theun\source\repos\annoyingprogram\annoyingprogram\x64\debug\annoyingprogram.tlog\link.write.1.tlog
